[36m[2025-11-07 21:12:53 DEBUG] [__init__:101][39m ###############################################################################
[36m[2025-11-07 21:12:53 DEBUG] [__init__:102][39m Running command 'run'
[36m[2025-11-07 21:12:53 DEBUG] [__init__:106][39m Using settings file 'C:\Users\Admin\.chaostoolkit\settings.yaml'
[36m[2025-11-07 21:12:53 DEBUG] [settings:31][39m The Chaos Toolkit settings file could not be found at 'C:\Users\Admin\.chaostoolkit\settings.yaml'.
[36m[2025-11-07 21:12:53 DEBUG] [__init__:472][39m No controls to apply on 'loader'
[36m[2025-11-07 21:12:53 DEBUG] [__init__:472][39m No controls to apply on 'loader'
[36m[2025-11-07 21:12:53 DEBUG] [caching:24][39m Building activity cache...
[36m[2025-11-07 21:12:53 DEBUG] [caching:35][39m Cached 9 activities
[32m[2025-11-07 21:12:53 INFO] [experiment:59][39m Validating the experiment's syntax
[36m[2025-11-07 21:12:53 DEBUG] [configuration:64][39m Loading configuration...
[36m[2025-11-07 21:12:53 DEBUG] [secret:79][39m Loading secrets...
[36m[2025-11-07 21:12:53 DEBUG] [secret:104][39m Done loading secrets
[32m[2025-11-07 21:12:54 INFO] [experiment:112][39m Experiment looks valid
[36m[2025-11-07 21:12:54 DEBUG] [caching:42][39m Clearing activities cache
[36m[2025-11-07 21:12:54 DEBUG] [run:224][39m Runtime strategies: hypothesis - default / rollbacks - default
[36m[2025-11-07 21:12:54 DEBUG] [caching:24][39m Building activity cache...
[36m[2025-11-07 21:12:54 DEBUG] [caching:35][39m Cached 9 activities
[36m[2025-11-07 21:12:54 DEBUG] [configuration:64][39m Loading configuration...
[36m[2025-11-07 21:12:54 DEBUG] [secret:79][39m Loading secrets...
[36m[2025-11-07 21:12:54 DEBUG] [secret:104][39m Done loading secrets
[36m[2025-11-07 21:12:54 DEBUG] [configuration:161][39m Loading dynamic configuration...
[36m[2025-11-07 21:12:54 DEBUG] [exit:91][39m System 'Windows-10-10.0.26100-SP0' does not expose SIGUSR signals
[32m[2025-11-07 21:12:54 INFO] [run:440][39m Running experiment: Circuit (10 calls) + Single-shot Retries with Jitter — with Initial & Final Loads
[36m[2025-11-07 21:12:54 DEBUG] [__init__:67][39m Initializing controls
[32m[2025-11-07 21:12:54 INFO] [run:471][39m Steady-state strategy: default
[32m[2025-11-07 21:12:54 INFO] [run:477][39m Rollbacks strategy: default
[36m[2025-11-07 21:12:54 DEBUG] [__init__:472][39m No controls to apply on 'experiment'
[36m[2025-11-07 21:12:54 DEBUG] [run:654][39m Running steady-state hypothesis before the method
[32m[2025-11-07 21:12:54 INFO] [hypothesis:205][39m Steady state hypothesis: Client and Backend Deployments exist
[36m[2025-11-07 21:12:54 DEBUG] [__init__:472][39m No controls to apply on 'hypothesis'
[36m[2025-11-07 21:12:54 DEBUG] [__init__:472][39m No controls to apply on 'activity'
[32m[2025-11-07 21:12:54 INFO] [activity:232][39m Probe: client-pod-exists
[36m[2025-11-07 21:12:54 DEBUG] [python:33][39m Activity 'client-pod-exists' loaded from 'C:\Users\Admin\AppData\Local\Programs\Python\Python311\Lib\site-packages\chaosk8s\pod\probes.py'
[36m[2025-11-07 21:12:54 DEBUG] [__init__:79][39m Using Kubernetes context 'default' from config 'C:\Users\Admin/.kube/config'
[36m[2025-11-07 21:12:54 DEBUG] [probes:258][39m Found 1 pods matching label 'app=client' in ns 'default'
[36m[2025-11-07 21:12:54 DEBUG] [activity:260][39m   => succeeded with '1'
[36m[2025-11-07 21:12:54 DEBUG] [__init__:472][39m No controls to apply on 'activity'
[36m[2025-11-07 21:12:54 DEBUG] [hypothesis:247][39m allowed tolerance is 1
[36m[2025-11-07 21:12:54 DEBUG] [__init__:472][39m No controls to apply on 'activity'
[32m[2025-11-07 21:12:54 INFO] [activity:232][39m Probe: backend-pod-exists
[36m[2025-11-07 21:12:54 DEBUG] [python:33][39m Activity 'backend-pod-exists' loaded from 'C:\Users\Admin\AppData\Local\Programs\Python\Python311\Lib\site-packages\chaosk8s\pod\probes.py'
[36m[2025-11-07 21:12:54 DEBUG] [__init__:79][39m Using Kubernetes context 'default' from config 'C:\Users\Admin/.kube/config'
[36m[2025-11-07 21:12:54 DEBUG] [probes:258][39m Found 1 pods matching label 'app=backend' in ns 'default'
[36m[2025-11-07 21:12:54 DEBUG] [activity:260][39m   => succeeded with '1'
[36m[2025-11-07 21:12:54 DEBUG] [__init__:472][39m No controls to apply on 'activity'
[36m[2025-11-07 21:12:54 DEBUG] [hypothesis:247][39m allowed tolerance is 1
[32m[2025-11-07 21:12:54 INFO] [hypothesis:260][39m Steady state hypothesis is met!
[36m[2025-11-07 21:12:54 DEBUG] [__init__:472][39m No controls to apply on 'hypothesis'
[32m[2025-11-07 21:12:54 INFO] [run:778][39m Playing your experiment's method now...
[36m[2025-11-07 21:12:54 DEBUG] [__init__:472][39m No controls to apply on 'method'
[36m[2025-11-07 21:12:54 DEBUG] [__init__:472][39m No controls to apply on 'activity'
[32m[2025-11-07 21:12:54 INFO] [activity:232][39m Action: initial-load-circuit-3
[36m[2025-11-07 21:12:54 DEBUG] [process:52][39m Running: C:\Users\Admin\AppData\Local\Programs\Python\Python311\python.EXE load_tester.py initial --task circuit --count 3
[36m[2025-11-07 21:12:55 DEBUG] [activity:260][39m   => succeeded with '{'status': 0, 'stdout': '[load_tester] CWD: C:\\Users\\Admin\\Documents\\UCD\\DS\\lab3\\code\\chaos\r\n[load_tester] Phase: initial | Task: circuit\r\n[load_tester] Writing: C:\\Users\\Admin\\Documents\\UCD\\DS\\lab3\\code\\chaos\\load-logs\\initial_circuit_20251107-211254.log\r\n[load_tester] CIRCUIT: 3 calls -> C:\\Users\\Admin\\Documents\\UCD\\DS\\lab3\\code\\chaos\\load-logs\\initial_circuit_20251107-211254.log\r\n[load_tester] Done.\r\n', 'stderr': ''}'
[36m[2025-11-07 21:12:55 DEBUG] [__init__:472][39m No controls to apply on 'activity'
[36m[2025-11-07 21:12:55 DEBUG] [__init__:472][39m No controls to apply on 'activity'
[32m[2025-11-07 21:12:55 INFO] [activity:232][39m Action: initial-load-retries-1
[36m[2025-11-07 21:12:55 DEBUG] [process:52][39m Running: C:\Users\Admin\AppData\Local\Programs\Python\Python311\python.EXE load_tester.py initial --task retries
[36m[2025-11-07 21:12:55 DEBUG] [activity:260][39m   => succeeded with '{'status': 0, 'stdout': '[load_tester] CWD: C:\\Users\\Admin\\Documents\\UCD\\DS\\lab3\\code\\chaos\r\n[load_tester] Phase: initial | Task: retries\r\n[load_tester] Writing: C:\\Users\\Admin\\Documents\\UCD\\DS\\lab3\\code\\chaos\\load-logs\\initial_retries_20251107-211255.log\r\n[load_tester] RETRIES: single call -> C:\\Users\\Admin\\Documents\\UCD\\DS\\lab3\\code\\chaos\\load-logs\\initial_retries_20251107-211255.log\r\n[load_tester] Done.\r\n', 'stderr': ''}'
[36m[2025-11-07 21:12:55 DEBUG] [__init__:472][39m No controls to apply on 'activity'
[36m[2025-11-07 21:12:55 DEBUG] [__init__:472][39m No controls to apply on 'activity'
[32m[2025-11-07 21:12:55 INFO] [activity:232][39m Action: collect-initial-logs
[36m[2025-11-07 21:12:55 DEBUG] [process:52][39m Running: C:\Users\Admin\AppData\Local\Programs\Python\Python311\python.EXE log_collector.py initial
[36m[2025-11-07 21:12:56 DEBUG] [activity:260][39m   => succeeded with '{'status': 0, 'stdout': 'Collecting logs for phase: initial\r\nLog collection done: chaos-logs\\initial-20251107-211255\r\n', 'stderr': ''}'
[36m[2025-11-07 21:12:56 DEBUG] [__init__:472][39m No controls to apply on 'activity'
[36m[2025-11-07 21:12:56 DEBUG] [__init__:472][39m No controls to apply on 'activity'
[32m[2025-11-07 21:12:56 INFO] [activity:232][39m Action: scale-down-backend
[36m[2025-11-07 21:12:56 DEBUG] [python:33][39m Activity 'scale-down-backend' loaded from 'C:\Users\Admin\AppData\Local\Programs\Python\Python311\Lib\site-packages\chaosk8s\deployment\actions.py'
[36m[2025-11-07 21:12:56 DEBUG] [__init__:79][39m Using Kubernetes context 'default' from config 'C:\Users\Admin/.kube/config'
[36m[2025-11-07 21:12:56 DEBUG] [activity:262][39m   => succeeded without any result value
[32m[2025-11-07 21:12:56 INFO] [activity:280][39m Pausing after activity for 10s...
[36m[2025-11-07 21:13:06 DEBUG] [__init__:472][39m No controls to apply on 'activity'
[36m[2025-11-07 21:13:06 DEBUG] [__init__:472][39m No controls to apply on 'activity'
[32m[2025-11-07 21:13:06 INFO] [activity:232][39m Action: during-chaos-load-circuit-10
[36m[2025-11-07 21:13:06 DEBUG] [process:52][39m Running: C:\Users\Admin\AppData\Local\Programs\Python\Python311\python.EXE load_tester.py during-chaos --task circuit --count 10
[36m[2025-11-07 21:13:11 DEBUG] [activity:260][39m   => succeeded with '{'status': 0, 'stdout': '[load_tester] CWD: C:\\Users\\Admin\\Documents\\UCD\\DS\\lab3\\code\\chaos\r\n[load_tester] Phase: during-chaos | Task: circuit\r\n[load_tester] Writing: C:\\Users\\Admin\\Documents\\UCD\\DS\\lab3\\code\\chaos\\load-logs\\during-chaos_circuit_20251107-211306.log\r\n[load_tester] CIRCUIT: 10 calls -> C:\\Users\\Admin\\Documents\\UCD\\DS\\lab3\\code\\chaos\\load-logs\\during-chaos_circuit_20251107-211306.log\r\n[load_tester] Done.\r\n', 'stderr': ''}'
[36m[2025-11-07 21:13:11 DEBUG] [__init__:472][39m No controls to apply on 'activity'
[36m[2025-11-07 21:13:11 DEBUG] [__init__:472][39m No controls to apply on 'activity'
[32m[2025-11-07 21:13:11 INFO] [activity:232][39m Action: during-chaos-load-retries-1
[36m[2025-11-07 21:13:11 DEBUG] [process:52][39m Running: C:\Users\Admin\AppData\Local\Programs\Python\Python311\python.EXE load_tester.py during-chaos --task retries
[36m[2025-11-07 21:13:32 DEBUG] [activity:260][39m   => succeeded with '{'status': 0, 'stdout': '[load_tester] CWD: C:\\Users\\Admin\\Documents\\UCD\\DS\\lab3\\code\\chaos\r\n[load_tester] Phase: during-chaos | Task: retries\r\n[load_tester] Writing: C:\\Users\\Admin\\Documents\\UCD\\DS\\lab3\\code\\chaos\\load-logs\\during-chaos_retries_20251107-211312.log\r\n[load_tester] RETRIES: single call -> C:\\Users\\Admin\\Documents\\UCD\\DS\\lab3\\code\\chaos\\load-logs\\during-chaos_retries_20251107-211312.log\r\n[load_tester] Done.\r\n', 'stderr': ''}'
[36m[2025-11-07 21:13:32 DEBUG] [__init__:472][39m No controls to apply on 'activity'
[36m[2025-11-07 21:13:32 DEBUG] [__init__:472][39m No controls to apply on 'activity'
[32m[2025-11-07 21:13:32 INFO] [activity:232][39m Action: collect-during-chaos-logs
[36m[2025-11-07 21:13:32 DEBUG] [process:52][39m Running: C:\Users\Admin\AppData\Local\Programs\Python\Python311\python.EXE log_collector.py during-chaos
[36m[2025-11-07 21:13:33 DEBUG] [activity:260][39m   => succeeded with '{'status': 0, 'stdout': 'Collecting logs for phase: during-chaos\r\nLog collection done: chaos-logs\\during-chaos-20251107-211332\r\n', 'stderr': ''}'
[36m[2025-11-07 21:13:33 DEBUG] [__init__:472][39m No controls to apply on 'activity'
[36m[2025-11-07 21:13:33 DEBUG] [__init__:472][39m No controls to apply on 'method'
[36m[2025-11-07 21:13:33 DEBUG] [run:696][39m Running steady-state hypothesis after the method
[32m[2025-11-07 21:13:33 INFO] [hypothesis:205][39m Steady state hypothesis: Client and Backend Deployments exist
[36m[2025-11-07 21:13:33 DEBUG] [__init__:472][39m No controls to apply on 'hypothesis'
[36m[2025-11-07 21:13:33 DEBUG] [__init__:472][39m No controls to apply on 'activity'
[32m[2025-11-07 21:13:33 INFO] [activity:232][39m Probe: client-pod-exists
[36m[2025-11-07 21:13:33 DEBUG] [python:33][39m Activity 'client-pod-exists' loaded from 'C:\Users\Admin\AppData\Local\Programs\Python\Python311\Lib\site-packages\chaosk8s\pod\probes.py'
[36m[2025-11-07 21:13:33 DEBUG] [__init__:79][39m Using Kubernetes context 'default' from config 'C:\Users\Admin/.kube/config'
[36m[2025-11-07 21:13:33 DEBUG] [probes:258][39m Found 1 pods matching label 'app=client' in ns 'default'
[36m[2025-11-07 21:13:33 DEBUG] [activity:260][39m   => succeeded with '1'
[36m[2025-11-07 21:13:33 DEBUG] [__init__:472][39m No controls to apply on 'activity'
[36m[2025-11-07 21:13:33 DEBUG] [hypothesis:247][39m allowed tolerance is 1
[36m[2025-11-07 21:13:33 DEBUG] [__init__:472][39m No controls to apply on 'activity'
[32m[2025-11-07 21:13:33 INFO] [activity:232][39m Probe: backend-pod-exists
[36m[2025-11-07 21:13:33 DEBUG] [python:33][39m Activity 'backend-pod-exists' loaded from 'C:\Users\Admin\AppData\Local\Programs\Python\Python311\Lib\site-packages\chaosk8s\pod\probes.py'
[36m[2025-11-07 21:13:33 DEBUG] [__init__:79][39m Using Kubernetes context 'default' from config 'C:\Users\Admin/.kube/config'
[36m[2025-11-07 21:13:33 DEBUG] [probes:258][39m Found 0 pods matching label 'app=backend' in ns 'default'
[36m[2025-11-07 21:13:33 DEBUG] [activity:260][39m   => succeeded with '0'
[36m[2025-11-07 21:13:33 DEBUG] [__init__:472][39m No controls to apply on 'activity'
[36m[2025-11-07 21:13:33 DEBUG] [hypothesis:247][39m allowed tolerance is 1
[36m[2025-11-07 21:13:33 DEBUG] [__init__:472][39m No controls to apply on 'hypothesis'
[31m[2025-11-07 21:13:33 CRITICAL] [run:716][39m Steady state probe 'backend-pod-exists' is not in the given tolerance so failing this experiment
[32m[2025-11-07 21:13:33 INFO] [run:1072][39m Let's rollback...
[36m[2025-11-07 21:13:33 DEBUG] [__init__:472][39m No controls to apply on 'rollback'
[32m[2025-11-07 21:13:33 INFO] [rollback:36][39m Rollback: scale-up-backend
[36m[2025-11-07 21:13:33 DEBUG] [__init__:472][39m No controls to apply on 'activity'
[32m[2025-11-07 21:13:33 INFO] [activity:232][39m Action: scale-up-backend
[36m[2025-11-07 21:13:33 DEBUG] [python:33][39m Activity 'scale-up-backend' loaded from 'C:\Users\Admin\AppData\Local\Programs\Python\Python311\Lib\site-packages\chaosk8s\deployment\actions.py'
[36m[2025-11-07 21:13:33 DEBUG] [__init__:79][39m Using Kubernetes context 'default' from config 'C:\Users\Admin/.kube/config'
[36m[2025-11-07 21:13:33 DEBUG] [activity:262][39m   => succeeded without any result value
[36m[2025-11-07 21:13:33 DEBUG] [__init__:472][39m No controls to apply on 'activity'
[32m[2025-11-07 21:13:33 INFO] [rollback:36][39m Rollback: post-recovery-wait
[36m[2025-11-07 21:13:33 DEBUG] [__init__:472][39m No controls to apply on 'activity'
[32m[2025-11-07 21:13:33 INFO] [activity:232][39m Action: post-recovery-wait
[36m[2025-11-07 21:13:33 DEBUG] [process:52][39m Running: C:\Users\Admin\AppData\Local\Programs\Python\Python311\python.EXE -c "import time; time.sleep(15)"
[36m[2025-11-07 21:13:48 DEBUG] [activity:260][39m   => succeeded with '{'status': 0, 'stdout': '', 'stderr': ''}'
[36m[2025-11-07 21:13:48 DEBUG] [__init__:472][39m No controls to apply on 'activity'
[32m[2025-11-07 21:13:48 INFO] [rollback:36][39m Rollback: final-load-circuit-3
[36m[2025-11-07 21:13:48 DEBUG] [__init__:472][39m No controls to apply on 'activity'
[32m[2025-11-07 21:13:48 INFO] [activity:232][39m Action: final-load-circuit-3
[36m[2025-11-07 21:13:48 DEBUG] [process:52][39m Running: C:\Users\Admin\AppData\Local\Programs\Python\Python311\python.EXE load_tester.py final --task circuit --count 3
[36m[2025-11-07 21:13:49 DEBUG] [activity:260][39m   => succeeded with '{'status': 0, 'stdout': '[load_tester] CWD: C:\\Users\\Admin\\Documents\\UCD\\DS\\lab3\\code\\chaos\r\n[load_tester] Phase: final | Task: circuit\r\n[load_tester] Writing: C:\\Users\\Admin\\Documents\\UCD\\DS\\lab3\\code\\chaos\\load-logs\\final_circuit_20251107-211348.log\r\n[load_tester] CIRCUIT: 3 calls -> C:\\Users\\Admin\\Documents\\UCD\\DS\\lab3\\code\\chaos\\load-logs\\final_circuit_20251107-211348.log\r\n[load_tester] Done.\r\n', 'stderr': ''}'
[36m[2025-11-07 21:13:49 DEBUG] [__init__:472][39m No controls to apply on 'activity'
[32m[2025-11-07 21:13:49 INFO] [rollback:36][39m Rollback: final-load-retries-1
[36m[2025-11-07 21:13:49 DEBUG] [__init__:472][39m No controls to apply on 'activity'
[32m[2025-11-07 21:13:49 INFO] [activity:232][39m Action: final-load-retries-1
[36m[2025-11-07 21:13:49 DEBUG] [process:52][39m Running: C:\Users\Admin\AppData\Local\Programs\Python\Python311\python.EXE load_tester.py final --task retries
[36m[2025-11-07 21:13:49 DEBUG] [activity:260][39m   => succeeded with '{'status': 0, 'stdout': '[load_tester] CWD: C:\\Users\\Admin\\Documents\\UCD\\DS\\lab3\\code\\chaos\r\n[load_tester] Phase: final | Task: retries\r\n[load_tester] Writing: C:\\Users\\Admin\\Documents\\UCD\\DS\\lab3\\code\\chaos\\load-logs\\final_retries_20251107-211349.log\r\n[load_tester] RETRIES: single call -> C:\\Users\\Admin\\Documents\\UCD\\DS\\lab3\\code\\chaos\\load-logs\\final_retries_20251107-211349.log\r\n[load_tester] Done.\r\n', 'stderr': ''}'
[36m[2025-11-07 21:13:49 DEBUG] [__init__:472][39m No controls to apply on 'activity'
[32m[2025-11-07 21:13:49 INFO] [rollback:36][39m Rollback: collect-final-logs
[36m[2025-11-07 21:13:49 DEBUG] [__init__:472][39m No controls to apply on 'activity'
[32m[2025-11-07 21:13:49 INFO] [activity:232][39m Action: collect-final-logs
[36m[2025-11-07 21:13:49 DEBUG] [process:52][39m Running: C:\Users\Admin\AppData\Local\Programs\Python\Python311\python.EXE log_collector.py final
[36m[2025-11-07 21:13:50 DEBUG] [activity:260][39m   => succeeded with '{'status': 0, 'stdout': 'Collecting logs for phase: final\r\nLog collection done: chaos-logs\\final-20251107-211349\r\n', 'stderr': ''}'
[36m[2025-11-07 21:13:50 DEBUG] [__init__:472][39m No controls to apply on 'activity'
[36m[2025-11-07 21:13:50 DEBUG] [__init__:472][39m No controls to apply on 'rollback'
[32m[2025-11-07 21:13:50 INFO] [run:598][39m Experiment ended with status: deviated
[32m[2025-11-07 21:13:50 INFO] [run:600][39m The steady-state has deviated, a weakness may have been discovered
[36m[2025-11-07 21:13:50 DEBUG] [__init__:472][39m No controls to apply on 'experiment'
[36m[2025-11-07 21:13:50 DEBUG] [__init__:106][39m Cleaning up controls
[36m[2025-11-07 21:13:50 DEBUG] [caching:42][39m Clearing activities cache
