2025-11-07 20:56:42,687 - INFO - CIRCUIT ENDPOINT CALLED | mode=default | url=http://backend:5000/circuit
2025-11-07 20:56:42,694 - INFO - CIRCUIT SUCCESS
2025-11-07 20:56:42,695 - INFO - CIRCUIT CALL SUCCESS
2025-11-07 20:56:43,340 - INFO - CIRCUIT ENDPOINT CALLED | mode=default | url=http://backend:5000/circuit
2025-11-07 20:56:43,343 - INFO - CIRCUIT SUCCESS
2025-11-07 20:56:43,344 - INFO - CIRCUIT CALL SUCCESS
2025-11-07 20:56:43,768 - INFO - CIRCUIT ENDPOINT CALLED | mode=default | url=http://backend:5000/circuit
2025-11-07 20:56:43,772 - INFO - CIRCUIT SUCCESS
2025-11-07 20:56:43,772 - INFO - CIRCUIT CALL SUCCESS
2025-11-07 20:56:44,177 - INFO - CIRCUIT ENDPOINT CALLED | mode=default | url=http://backend:5000/circuit
2025-11-07 20:56:44,181 - INFO - CIRCUIT SUCCESS
2025-11-07 20:56:44,181 - INFO - CIRCUIT CALL SUCCESS
2025-11-07 20:56:44,488 - INFO - CIRCUIT ENDPOINT CALLED | mode=default | url=http://backend:5000/circuit
2025-11-07 20:56:44,491 - INFO - CIRCUIT SUCCESS
2025-11-07 20:56:44,492 - INFO - CIRCUIT CALL SUCCESS
2025-11-07 20:56:44,708 - INFO - CIRCUIT ENDPOINT CALLED | mode=default | url=http://backend:5000/circuit
2025-11-07 20:56:44,711 - INFO - CIRCUIT SUCCESS
2025-11-07 20:56:44,712 - INFO - CIRCUIT CALL SUCCESS
2025-11-07 20:56:44,897 - INFO - CIRCUIT ENDPOINT CALLED | mode=default | url=http://backend:5000/circuit
2025-11-07 20:56:44,901 - INFO - CIRCUIT SUCCESS
2025-11-07 20:56:44,901 - INFO - CIRCUIT CALL SUCCESS
2025-11-07 20:56:45,089 - INFO - CIRCUIT ENDPOINT CALLED | mode=default | url=http://backend:5000/circuit
2025-11-07 20:56:45,092 - INFO - CIRCUIT SUCCESS
2025-11-07 20:56:45,092 - INFO - CIRCUIT CALL SUCCESS
2025-11-07 20:56:45,246 - INFO - CIRCUIT ENDPOINT CALLED | mode=default | url=http://backend:5000/circuit
2025-11-07 20:56:45,250 - INFO - CIRCUIT SUCCESS
2025-11-07 20:56:45,250 - INFO - CIRCUIT CALL SUCCESS
2025-11-07 20:56:45,413 - INFO - CIRCUIT ENDPOINT CALLED | mode=default | url=http://backend:5000/circuit
2025-11-07 20:56:45,416 - INFO - CIRCUIT SUCCESS
2025-11-07 20:56:45,416 - INFO - CIRCUIT CALL SUCCESS
2025-11-07 20:56:45,568 - INFO - CIRCUIT ENDPOINT CALLED | mode=default | url=http://backend:5000/circuit
2025-11-07 20:56:45,571 - INFO - CIRCUIT SUCCESS
2025-11-07 20:56:45,571 - INFO - CIRCUIT CALL SUCCESS
2025-11-07 20:56:45,722 - INFO - CIRCUIT ENDPOINT CALLED | mode=default | url=http://backend:5000/circuit
2025-11-07 20:56:45,726 - INFO - CIRCUIT SUCCESS
2025-11-07 20:56:45,726 - INFO - CIRCUIT CALL SUCCESS
2025-11-07 20:56:45,892 - INFO - CIRCUIT ENDPOINT CALLED | mode=default | url=http://backend:5000/circuit
2025-11-07 20:56:45,894 - INFO - CIRCUIT SUCCESS
2025-11-07 20:56:45,895 - INFO - CIRCUIT CALL SUCCESS
2025-11-07 20:56:46,064 - INFO - CIRCUIT ENDPOINT CALLED | mode=default | url=http://backend:5000/circuit
2025-11-07 20:56:46,066 - INFO - CIRCUIT SUCCESS
2025-11-07 20:56:46,067 - INFO - CIRCUIT CALL SUCCESS
2025-11-07 20:56:46,218 - INFO - CIRCUIT ENDPOINT CALLED | mode=default | url=http://backend:5000/circuit
2025-11-07 20:56:46,220 - INFO - CIRCUIT SUCCESS
2025-11-07 20:56:46,221 - INFO - CIRCUIT CALL SUCCESS
2025-11-07 20:56:46,389 - INFO - CIRCUIT ENDPOINT CALLED | mode=default | url=http://backend:5000/circuit
2025-11-07 20:56:46,392 - INFO - CIRCUIT SUCCESS
2025-11-07 20:56:46,393 - INFO - CIRCUIT CALL SUCCESS
2025-11-07 20:56:46,541 - INFO - CIRCUIT ENDPOINT CALLED | mode=default | url=http://backend:5000/circuit
2025-11-07 20:56:46,544 - INFO - CIRCUIT SUCCESS
2025-11-07 20:56:46,545 - INFO - CIRCUIT CALL SUCCESS
2025-11-07 20:56:46,697 - INFO - CIRCUIT ENDPOINT CALLED | mode=default | url=http://backend:5000/circuit
2025-11-07 20:56:46,699 - INFO - CIRCUIT SUCCESS
2025-11-07 20:56:46,699 - INFO - CIRCUIT CALL SUCCESS
2025-11-07 20:56:46,852 - INFO - CIRCUIT ENDPOINT CALLED | mode=default | url=http://backend:5000/circuit
2025-11-07 20:56:46,854 - INFO - CIRCUIT SUCCESS
2025-11-07 20:56:46,855 - INFO - CIRCUIT CALL SUCCESS
2025-11-07 20:56:47,023 - INFO - CIRCUIT ENDPOINT CALLED | mode=default | url=http://backend:5000/circuit
2025-11-07 20:56:47,025 - INFO - CIRCUIT SUCCESS
2025-11-07 20:56:47,025 - INFO - CIRCUIT CALL SUCCESS
2025-11-07 20:56:47,177 - INFO - CIRCUIT ENDPOINT CALLED | mode=default | url=http://backend:5000/circuit
2025-11-07 20:56:47,179 - INFO - CIRCUIT SUCCESS
2025-11-07 20:56:47,179 - INFO - CIRCUIT CALL SUCCESS
2025-11-07 20:56:47,350 - INFO - CIRCUIT ENDPOINT CALLED | mode=default | url=http://backend:5000/circuit
2025-11-07 20:56:47,352 - INFO - CIRCUIT SUCCESS
2025-11-07 20:56:47,353 - INFO - CIRCUIT CALL SUCCESS
2025-11-07 20:56:47,507 - INFO - CIRCUIT ENDPOINT CALLED | mode=default | url=http://backend:5000/circuit
2025-11-07 20:56:47,510 - INFO - CIRCUIT SUCCESS
2025-11-07 20:56:47,510 - INFO - CIRCUIT CALL SUCCESS
2025-11-07 20:56:47,677 - INFO - CIRCUIT ENDPOINT CALLED | mode=default | url=http://backend:5000/circuit
2025-11-07 20:56:47,680 - INFO - CIRCUIT SUCCESS
2025-11-07 20:56:47,680 - INFO - CIRCUIT CALL SUCCESS
2025-11-07 20:56:47,831 - INFO - CIRCUIT ENDPOINT CALLED | mode=default | url=http://backend:5000/circuit
2025-11-07 20:56:47,834 - INFO - CIRCUIT SUCCESS
2025-11-07 20:56:47,834 - INFO - CIRCUIT CALL SUCCESS
2025-11-07 20:59:45,127 - INFO - CIRCUIT ENDPOINT CALLED | state=closed | mode=default | url=http://backend:5000/circuit
2025-11-07 20:59:45,132 - ERROR - Backend returned 500 (treated as failure)
2025-11-07 20:59:45,133 - ERROR - CIRCUIT FAILURE: HTTPError: HTTP 500
2025-11-07 20:59:45,980 - INFO - CIRCUIT ENDPOINT CALLED | state=closed | mode=default | url=http://backend:5000/circuit
2025-11-07 20:59:45,983 - ERROR - Backend returned 500 (treated as failure)
2025-11-07 20:59:45,984 - ERROR - CIRCUIT FAILURE: HTTPError: HTTP 500
2025-11-07 20:59:45,984 - WARNING - CIRCUIT STATE CHANGE: closed -> open | CB_STATE=open
2025-11-07 20:59:45,985 - ERROR - CIRCUIT BREAKER OPEN - FAST FAIL | CB_FAST_FAIL=1 | state=open
2025-11-07 20:59:47,064 - INFO - CIRCUIT ENDPOINT CALLED | state=open | mode=default | url=http://backend:5000/circuit
2025-11-07 20:59:47,065 - ERROR - CIRCUIT BREAKER OPEN - FAST FAIL | CB_FAST_FAIL=1 | state=open
2025-11-07 20:59:47,458 - INFO - CIRCUIT ENDPOINT CALLED | state=open | mode=default | url=http://backend:5000/circuit
2025-11-07 20:59:47,459 - ERROR - CIRCUIT BREAKER OPEN - FAST FAIL | CB_FAST_FAIL=1 | state=open
2025-11-07 20:59:47,820 - INFO - CIRCUIT ENDPOINT CALLED | state=open | mode=default | url=http://backend:5000/circuit
2025-11-07 20:59:47,820 - ERROR - CIRCUIT BREAKER OPEN - FAST FAIL | CB_FAST_FAIL=1 | state=open
2025-11-07 20:59:54,871 - INFO - CIRCUIT ENDPOINT CALLED | state=closed | mode=default | url=http://backend:5000/circuit
2025-11-07 20:59:54,877 - ERROR - Backend returned 500 (treated as failure)
2025-11-07 20:59:54,878 - ERROR - CIRCUIT FAILURE: HTTPError: HTTP 500
2025-11-07 20:59:54,878 - ERROR - CIRCUIT CALL FAILED | state=closed | err=HTTPError: HTTP 500
2025-11-07 20:59:57,693 - INFO - CIRCUIT ENDPOINT CALLED | state=closed | mode=default | url=http://backend:5000/circuit
2025-11-07 20:59:57,697 - ERROR - Backend returned 500 (treated as failure)
2025-11-07 20:59:57,698 - ERROR - CIRCUIT FAILURE: HTTPError: HTTP 500
2025-11-07 20:59:57,698 - WARNING - CIRCUIT STATE CHANGE: closed -> open | CB_STATE=open
2025-11-07 20:59:57,698 - ERROR - CIRCUIT BREAKER OPEN - FAST FAIL | CB_FAST_FAIL=1 | state=open
2025-11-07 20:59:58,673 - INFO - CIRCUIT ENDPOINT CALLED | state=open | mode=default | url=http://backend:5000/circuit
2025-11-07 20:59:58,673 - ERROR - CIRCUIT BREAKER OPEN - FAST FAIL | CB_FAST_FAIL=1 | state=open
2025-11-07 20:59:59,632 - INFO - CIRCUIT ENDPOINT CALLED | state=open | mode=default | url=http://backend:5000/circuit
2025-11-07 20:59:59,633 - ERROR - CIRCUIT BREAKER OPEN - FAST FAIL | CB_FAST_FAIL=1 | state=open
2025-11-07 21:00:03,168 - INFO - CIRCUIT ENDPOINT CALLED | state=open | mode=default | url=http://backend:5000/circuit
2025-11-07 21:00:03,169 - ERROR - CIRCUIT BREAKER OPEN - FAST FAIL | CB_FAST_FAIL=1 | state=open
2025-11-07 21:00:04,571 - INFO - CIRCUIT ENDPOINT CALLED | state=open | mode=default | url=http://backend:5000/circuit
2025-11-07 21:00:04,572 - ERROR - CIRCUIT BREAKER OPEN - FAST FAIL | CB_FAST_FAIL=1 | state=open
2025-11-07 21:00:05,755 - INFO - CIRCUIT ENDPOINT CALLED | state=open | mode=default | url=http://backend:5000/circuit
2025-11-07 21:00:05,755 - ERROR - CIRCUIT BREAKER OPEN - FAST FAIL | CB_FAST_FAIL=1 | state=open
2025-11-07 21:00:07,386 - INFO - CIRCUIT ENDPOINT CALLED | state=open | mode=default | url=http://backend:5000/circuit
2025-11-07 21:00:07,387 - ERROR - CIRCUIT BREAKER OPEN - FAST FAIL | CB_FAST_FAIL=1 | state=open
2025-11-07 21:00:09,083 - INFO - CIRCUIT ENDPOINT CALLED | state=open | mode=default | url=http://backend:5000/circuit
2025-11-07 21:00:09,084 - WARNING - CIRCUIT STATE CHANGE: open -> half-open | CB_STATE=half-open
2025-11-07 21:00:09,088 - WARNING - CIRCUIT STATE CHANGE: half-open -> closed | CB_STATE=closed
2025-11-07 21:00:09,088 - INFO - CIRCUIT SUCCESS
2025-11-07 21:00:09,088 - INFO - CIRCUIT CALL SUCCESS | state=closed | status=200
2025-11-07 21:00:10,975 - INFO - CIRCUIT ENDPOINT CALLED | state=closed | mode=default | url=http://backend:5000/circuit
2025-11-07 21:00:10,979 - INFO - CIRCUIT SUCCESS
2025-11-07 21:00:10,979 - INFO - CIRCUIT CALL SUCCESS | state=closed | status=200
2025-11-07 21:00:12,212 - INFO - CIRCUIT ENDPOINT CALLED | state=closed | mode=default | url=http://backend:5000/circuit
2025-11-07 21:00:12,215 - INFO - CIRCUIT SUCCESS
2025-11-07 21:00:12,215 - INFO - CIRCUIT CALL SUCCESS | state=closed | status=200
2025-11-07 21:00:13,395 - INFO - CIRCUIT ENDPOINT CALLED | state=closed | mode=default | url=http://backend:5000/circuit
2025-11-07 21:00:13,398 - ERROR - Backend returned 500 (treated as failure)
2025-11-07 21:00:13,399 - ERROR - CIRCUIT FAILURE: HTTPError: HTTP 500
2025-11-07 21:00:13,399 - ERROR - CIRCUIT CALL FAILED | state=closed | err=HTTPError: HTTP 500
2025-11-07 21:00:28,537 - INFO - CIRCUIT ENDPOINT CALLED | state=closed | mode=default | url=http://backend:5000/circuit
2025-11-07 21:00:28,540 - INFO - CIRCUIT SUCCESS
2025-11-07 21:00:28,541 - INFO - CIRCUIT CALL SUCCESS | state=closed | status=200
2025-11-07 21:00:29,376 - INFO - CIRCUIT ENDPOINT CALLED | state=closed | mode=default | url=http://backend:5000/circuit
2025-11-07 21:00:29,379 - INFO - CIRCUIT SUCCESS
2025-11-07 21:00:29,380 - INFO - CIRCUIT CALL SUCCESS | state=closed | status=200
2025-11-07 21:00:29,995 - INFO - CIRCUIT ENDPOINT CALLED | state=closed | mode=default | url=http://backend:5000/circuit
2025-11-07 21:00:29,999 - ERROR - Backend returned 500 (treated as failure)
2025-11-07 21:00:30,000 - ERROR - CIRCUIT FAILURE: HTTPError: HTTP 500
2025-11-07 21:00:30,000 - ERROR - CIRCUIT CALL FAILED | state=closed | err=HTTPError: HTTP 500
2025-11-07 21:00:30,595 - INFO - CIRCUIT ENDPOINT CALLED | state=closed | mode=default | url=http://backend:5000/circuit
2025-11-07 21:00:30,598 - INFO - CIRCUIT SUCCESS
2025-11-07 21:00:30,599 - INFO - CIRCUIT CALL SUCCESS | state=closed | status=200
2025-11-07 21:00:31,044 - INFO - CIRCUIT ENDPOINT CALLED | state=closed | mode=default | url=http://backend:5000/circuit
2025-11-07 21:00:31,047 - ERROR - Backend returned 500 (treated as failure)
2025-11-07 21:00:31,048 - ERROR - CIRCUIT FAILURE: HTTPError: HTTP 500
2025-11-07 21:00:31,048 - ERROR - CIRCUIT CALL FAILED | state=closed | err=HTTPError: HTTP 500
2025-11-07 21:00:31,487 - INFO - CIRCUIT ENDPOINT CALLED | state=closed | mode=default | url=http://backend:5000/circuit
2025-11-07 21:00:31,490 - ERROR - Backend returned 500 (treated as failure)
2025-11-07 21:00:31,491 - ERROR - CIRCUIT FAILURE: HTTPError: HTTP 500
2025-11-07 21:00:31,491 - WARNING - CIRCUIT STATE CHANGE: closed -> open | CB_STATE=open
2025-11-07 21:00:31,492 - ERROR - CIRCUIT BREAKER OPEN - FAST FAIL | CB_FAST_FAIL=1 | state=open
2025-11-07 21:02:02,260 - INFO - CIRCUIT ENDPOINT CALLED | state=open | mode=default | url=http://backend:5000/circuit
2025-11-07 21:02:02,261 - WARNING - CIRCUIT STATE CHANGE: open -> half-open | CB_STATE=half-open
2025-11-07 21:02:02,264 - WARNING - CIRCUIT STATE CHANGE: half-open -> closed | CB_STATE=closed
2025-11-07 21:02:02,265 - INFO - CIRCUIT SUCCESS
2025-11-07 21:02:02,265 - INFO - CIRCUIT CALL SUCCESS | state=closed | status=200
2025-11-07 21:02:21,227 - INFO - CIRCUIT ENDPOINT CALLED | state=closed | mode=default | url=http://backend:5000/circuit
2025-11-07 21:02:21,233 - INFO - CIRCUIT SUCCESS
2025-11-07 21:02:21,233 - INFO - CIRCUIT CALL SUCCESS | state=closed | status=200
2025-11-07 21:02:21,688 - INFO - CIRCUIT ENDPOINT CALLED | state=closed | mode=default | url=http://backend:5000/circuit
2025-11-07 21:02:21,691 - INFO - CIRCUIT SUCCESS
2025-11-07 21:02:21,692 - INFO - CIRCUIT CALL SUCCESS | state=closed | status=200
2025-11-07 21:02:22,202 - INFO - CIRCUIT ENDPOINT CALLED | state=closed | mode=default | url=http://backend:5000/circuit
2025-11-07 21:02:22,205 - ERROR - Backend returned 500 (treated as failure)
2025-11-07 21:02:22,206 - ERROR - CIRCUIT FAILURE: HTTPError: HTTP 500
2025-11-07 21:02:22,206 - ERROR - CIRCUIT CALL FAILED | state=closed | err=HTTPError: HTTP 500
2025-11-07 21:02:22,839 - INFO - CIRCUIT ENDPOINT CALLED | state=closed | mode=default | url=http://backend:5000/circuit
2025-11-07 21:02:22,842 - INFO - CIRCUIT SUCCESS
2025-11-07 21:02:22,843 - INFO - CIRCUIT CALL SUCCESS | state=closed | status=200
2025-11-07 21:02:23,303 - INFO - CIRCUIT ENDPOINT CALLED | state=closed | mode=default | url=http://backend:5000/circuit
2025-11-07 21:02:23,306 - INFO - CIRCUIT SUCCESS
2025-11-07 21:02:23,306 - INFO - CIRCUIT CALL SUCCESS | state=closed | status=200
2025-11-07 21:02:23,631 - INFO - CIRCUIT ENDPOINT CALLED | state=closed | mode=default | url=http://backend:5000/circuit
2025-11-07 21:02:23,635 - ERROR - Backend returned 500 (treated as failure)
2025-11-07 21:02:23,635 - ERROR - CIRCUIT FAILURE: HTTPError: HTTP 500
2025-11-07 21:02:23,636 - ERROR - CIRCUIT CALL FAILED | state=closed | err=HTTPError: HTTP 500
2025-11-07 21:02:24,041 - INFO - CIRCUIT ENDPOINT CALLED | state=closed | mode=default | url=http://backend:5000/circuit
2025-11-07 21:02:24,045 - INFO - CIRCUIT SUCCESS
2025-11-07 21:02:24,045 - INFO - CIRCUIT CALL SUCCESS | state=closed | status=200
2025-11-07 21:02:24,401 - INFO - CIRCUIT ENDPOINT CALLED | state=closed | mode=default | url=http://backend:5000/circuit
2025-11-07 21:02:24,405 - INFO - CIRCUIT SUCCESS
2025-11-07 21:02:24,405 - INFO - CIRCUIT CALL SUCCESS | state=closed | status=200
2025-11-07 21:02:24,709 - INFO - CIRCUIT ENDPOINT CALLED | state=closed | mode=default | url=http://backend:5000/circuit
2025-11-07 21:02:24,712 - ERROR - Backend returned 500 (treated as failure)
2025-11-07 21:02:24,713 - ERROR - CIRCUIT FAILURE: HTTPError: HTTP 500
2025-11-07 21:02:24,713 - ERROR - CIRCUIT CALL FAILED | state=closed | err=HTTPError: HTTP 500
2025-11-07 21:02:25,033 - INFO - CIRCUIT ENDPOINT CALLED | state=closed | mode=default | url=http://backend:5000/circuit
2025-11-07 21:02:25,037 - INFO - CIRCUIT SUCCESS
2025-11-07 21:02:25,037 - INFO - CIRCUIT CALL SUCCESS | state=closed | status=200
2025-11-07 21:02:25,428 - INFO - CIRCUIT ENDPOINT CALLED | state=closed | mode=default | url=http://backend:5000/circuit
2025-11-07 21:02:25,432 - ERROR - Backend returned 500 (treated as failure)
2025-11-07 21:02:25,432 - ERROR - CIRCUIT FAILURE: HTTPError: HTTP 500
2025-11-07 21:02:25,433 - ERROR - CIRCUIT CALL FAILED | state=closed | err=HTTPError: HTTP 500
2025-11-07 21:02:25,788 - INFO - CIRCUIT ENDPOINT CALLED | state=closed | mode=default | url=http://backend:5000/circuit
2025-11-07 21:02:25,791 - INFO - CIRCUIT SUCCESS
2025-11-07 21:02:25,791 - INFO - CIRCUIT CALL SUCCESS | state=closed | status=200
2025-11-07 21:02:26,147 - INFO - CIRCUIT ENDPOINT CALLED | state=closed | mode=default | url=http://backend:5000/circuit
2025-11-07 21:02:26,150 - ERROR - Backend returned 500 (treated as failure)
2025-11-07 21:02:26,151 - ERROR - CIRCUIT FAILURE: HTTPError: HTTP 500
2025-11-07 21:02:26,151 - ERROR - CIRCUIT CALL FAILED | state=closed | err=HTTPError: HTTP 500
2025-11-07 21:02:26,542 - INFO - CIRCUIT ENDPOINT CALLED | state=closed | mode=default | url=http://backend:5000/circuit
2025-11-07 21:02:26,546 - INFO - CIRCUIT SUCCESS
2025-11-07 21:02:26,546 - INFO - CIRCUIT CALL SUCCESS | state=closed | status=200
2025-11-07 21:02:26,882 - INFO - CIRCUIT ENDPOINT CALLED | state=closed | mode=default | url=http://backend:5000/circuit
2025-11-07 21:02:26,885 - ERROR - Backend returned 500 (treated as failure)
2025-11-07 21:02:26,886 - ERROR - CIRCUIT FAILURE: HTTPError: HTTP 500
2025-11-07 21:02:26,886 - ERROR - CIRCUIT CALL FAILED | state=closed | err=HTTPError: HTTP 500
2025-11-07 21:02:27,278 - INFO - CIRCUIT ENDPOINT CALLED | state=closed | mode=default | url=http://backend:5000/circuit
2025-11-07 21:02:27,282 - ERROR - Backend returned 500 (treated as failure)
2025-11-07 21:02:27,282 - ERROR - CIRCUIT FAILURE: HTTPError: HTTP 500
2025-11-07 21:02:27,283 - WARNING - CIRCUIT STATE CHANGE: closed -> open | CB_STATE=open
2025-11-07 21:02:27,283 - ERROR - CIRCUIT BREAKER OPEN - FAST FAIL | CB_FAST_FAIL=1 | state=open
2025-11-07 21:02:28,088 - INFO - CIRCUIT ENDPOINT CALLED | state=open | mode=default | url=http://backend:5000/circuit
2025-11-07 21:02:28,089 - ERROR - CIRCUIT BREAKER OPEN - FAST FAIL | CB_FAST_FAIL=1 | state=open
2025-11-07 21:02:35,315 - INFO - CIRCUIT ENDPOINT CALLED | state=open | mode=default | url=http://backend:5000/circuit
2025-11-07 21:02:35,316 - ERROR - CIRCUIT BREAKER OPEN - FAST FAIL | CB_FAST_FAIL=1 | state=open
2025-11-07 21:02:36,275 - INFO - CIRCUIT ENDPOINT CALLED | state=open | mode=default | url=http://backend:5000/circuit
2025-11-07 21:02:36,276 - ERROR - CIRCUIT BREAKER OPEN - FAST FAIL | CB_FAST_FAIL=1 | state=open
2025-11-07 21:02:37,081 - INFO - CIRCUIT ENDPOINT CALLED | state=open | mode=default | url=http://backend:5000/circuit
2025-11-07 21:02:37,082 - ERROR - CIRCUIT BREAKER OPEN - FAST FAIL | CB_FAST_FAIL=1 | state=open
2025-11-07 21:02:37,887 - INFO - CIRCUIT ENDPOINT CALLED | state=open | mode=default | url=http://backend:5000/circuit
2025-11-07 21:02:37,888 - WARNING - CIRCUIT STATE CHANGE: open -> half-open | CB_STATE=half-open
2025-11-07 21:02:37,891 - INFO - CIRCUIT SUCCESS
2025-11-07 21:02:37,891 - INFO - CIRCUIT CALL SUCCESS | state=half-open | status=200
2025-11-07 21:03:11,771 - INFO - CIRCUIT ENDPOINT CALLED | state=half-open | mode=default | url=http://backend:5000/circuit
2025-11-07 21:03:11,774 - WARNING - CIRCUIT STATE CHANGE: half-open -> closed | CB_STATE=closed
2025-11-07 21:03:11,775 - INFO - CIRCUIT SUCCESS
2025-11-07 21:03:11,775 - INFO - CIRCUIT CALL SUCCESS | state=closed | status=200
